<?xml version="1.0" encoding="UTF-8"?>
<!-- Generated by org.testng.reporters.JUnitXMLReporter -->
<testsuite hostname="JOHN-MATHEW" ignored="0" name="Surefire test" tests="2" failures="0" timestamp="08 Nov 2017 11:22:17 GMT" time="0.116" errors="0">
  <testcase name="@BeforeClass setup" time="0.091" classname="com.tavant.nfr.meagan.selenium.tests.FinXIT">
    <failure type="java.lang.NoSuchMethodError" message="org.slf4j.impl.StaticLoggerBinder.getSingleton()Lorg/slf4j/impl/StaticLoggerBinder;">
      <![CDATA[java.lang.NoSuchMethodError: org.slf4j.impl.StaticLoggerBinder.getSingleton()Lorg/slf4j/impl/StaticLoggerBinder;
	at org.slf4j.LoggerFactory.bind(LoggerFactory.java:141)
	at org.slf4j.LoggerFactory.performInitialization(LoggerFactory.java:120)
	at org.slf4j.LoggerFactory.getILoggerFactory(LoggerFactory.java:331)
	at org.slf4j.LoggerFactory.getLogger(LoggerFactory.java:283)
	at org.apache.commons.logging.impl.SLF4JLogFactory.getInstance(SLF4JLogFactory.java:155)
	at org.apache.commons.logging.impl.SLF4JLogFactory.getInstance(SLF4JLogFactory.java:132)
	at org.apache.commons.logging.LogFactory.getLog(LogFactory.java:655)
	at org.apache.http.conn.ssl.AbstractVerifier.<init>(AbstractVerifier.java:60)
	at org.apache.http.conn.ssl.AllowAllHostnameVerifier.<init>(AllowAllHostnameVerifier.java:43)
	at org.apache.http.conn.ssl.AllowAllHostnameVerifier.<clinit>(AllowAllHostnameVerifier.java:45)
	at org.apache.http.conn.ssl.SSLConnectionSocketFactory.<clinit>(SSLConnectionSocketFactory.java:144)
	at org.openqa.selenium.remote.internal.HttpClientFactory.getClientConnectionManager(HttpClientFactory.java:71)
	at org.openqa.selenium.remote.internal.HttpClientFactory.<init>(HttpClientFactory.java:57)
	at org.openqa.selenium.remote.internal.HttpClientFactory.<init>(HttpClientFactory.java:60)
	at org.openqa.selenium.remote.internal.ApacheHttpClient$Factory.getDefaultHttpClientFactory(ApacheHttpClient.java:250)
	at org.openqa.selenium.remote.internal.ApacheHttpClient$Factory.<init>(ApacheHttpClient.java:227)
	at org.openqa.selenium.remote.HttpCommandExecutor.getDefaultClientFactory(HttpCommandExecutor.java:92)
	at org.openqa.selenium.remote.HttpCommandExecutor.<init>(HttpCommandExecutor.java:71)
	at org.openqa.selenium.remote.service.DriverCommandExecutor.<init>(DriverCommandExecutor.java:62)
	at org.openqa.selenium.chrome.ChromeDriverCommandExecutor.<init>(ChromeDriverCommandExecutor.java:39)
	at org.openqa.selenium.chrome.ChromeDriver.<init>(ChromeDriver.java:178)
	at org.openqa.selenium.chrome.ChromeDriver.<init>(ChromeDriver.java:146)
	at com.tavant.nfr.meagan.selenium.config.DriverType$2.getWebDriverObject(DriverType.java:46)
	at com.tavant.nfr.meagan.selenium.config.DriverFactory.instantiateWebDriver(DriverFactory.java:88)
	at com.tavant.nfr.meagan.selenium.config.DriverFactory.getDriver(DriverFactory.java:42)
	at com.tavant.nfr.meagan.selenium.DriverBase.getDriver(DriverBase.java:35)
	at com.tavant.nfr.meagan.selenium.tests.FinXIT.setup(FinXIT.java:31)
	at java.util.concurrent.ThreadPoolExecutor.runWorker(ThreadPoolExecutor.java:1142)
	at java.util.concurrent.ThreadPoolExecutor$Worker.run(ThreadPoolExecutor.java:617)
	at java.lang.Thread.run(Thread.java:745)
... Removed 10 stack frames]]>
    </failure>
  </testcase> <!-- @BeforeClass setup -->
  <testcase name="launchBrowser" time="0.001" classname="com.tavant.nfr.meagan.selenium.tests.FinXIT">
    <skipped/>
  </testcase> <!-- launchBrowser -->
  <testcase name="login" time="0.0" classname="com.tavant.nfr.meagan.selenium.tests.FinXIT">
    <skipped/>
  </testcase> <!-- login -->
</testsuite> <!-- Surefire test -->
