<?xml version="1.0" encoding="UTF-8"?>
<!-- Generated by org.testng.reporters.JUnitXMLReporter -->
<testsuite hostname="JOHN-MATHEW" ignored="0" name="Surefire test" tests="2" failures="1" timestamp="23 Nov 2017 13:15:20 GMT" time="22.71" errors="0">
  <testcase name="launchBrowser" time="9.109" classname="com.tavant.nfr.meagan.selenium.tests.ZapTestIT"/>
  <testcase name="login" time="10.861" classname="com.tavant.nfr.meagan.selenium.tests.ZapTestIT">
    <failure type="java.lang.AssertionError" message="The login page did not load properly">
      <![CDATA[java.lang.AssertionError: The login page did not load properly
	at com.tavant.nfr.meagan.selenium.tests.ZapTestIT.login(ZapTestIT.java:98)
	at java.util.concurrent.ThreadPoolExecutor.runWorker(ThreadPoolExecutor.java:1142)
	at java.util.concurrent.ThreadPoolExecutor$Worker.run(ThreadPoolExecutor.java:617)
	at java.lang.Thread.run(Thread.java:745)
... Removed 11 stack frames]]>
    </failure>
  </testcase> <!-- login -->
</testsuite> <!-- Surefire test -->
