-------------------------------------------------------------------------------
Test set: com.tavant.nfr.meagan.selenium.tests.FinXIT
-------------------------------------------------------------------------------
Tests run: 2, Failures: 1, Errors: 0, Skipped: 0, Time elapsed: 26.015 sec <<< FAILURE! - in com.tavant.nfr.meagan.selenium.tests.FinXIT
login(com.tavant.nfr.meagan.selenium.tests.FinXIT)  Time elapsed: 2.931 sec  <<< FAILURE!
java.lang.AssertionError: 
The login page did not load properly org.openqa.selenium.InvalidElementStateException: invalid element state: Element is not currently interactable and may not be manipulated
  (Session info: chrome=62.0.3202.94)
  (Driver info: chromedriver=2.29.461591 (62ebf098771772160f391d75e589dc567915b233),platform=Windows NT 10.0.15063 x86_64) (WARNING: The server did not provide any stacktrace information)
Command duration or timeout: 26 milliseconds
Build info: version: '3.3.1', revision: '5234b325d5', time: '2017-03-10 09:10:29 +0000'
System info: host: 'JOHN-MATHEW', ip: '10.130.147.151', os.name: 'Windows 10', os.arch: 'amd64', os.version: '10.0', java.version: '1.8.0_112'
Driver info: org.openqa.selenium.chrome.ChromeDriver
Capabilities [{applicationCacheEnabled=false, rotatable=false, mobileEmulationEnabled=false, networkConnectionEnabled=false, chrome={chromedriverVersion=2.29.461591 (62ebf098771772160f391d75e589dc567915b233), userDataDir=C:\Users\JOHN~1.MAT\AppData\Local\Temp\scoped_dir2924_10231}, takesHeapSnapshot=true, pageLoadStrategy=normal, databaseEnabled=false, handlesAlerts=true, hasTouchScreen=false, version=62.0.3202.94, platform=XP, browserConnectionEnabled=false, nativeEvents=true, acceptSslCerts=true, locationContextEnabled=true, webStorageEnabled=true, browserName=chrome, takesScreenshot=true, javascriptEnabled=true, cssSelectorsEnabled=true, unexpectedAlertBehaviour=}]
Session ID: b67c1843bd22eb0431f67cf562a07ae9
	at com.tavant.nfr.meagan.selenium.tests.FinXIT.login(FinXIT.java:116)

